<?xml version="1.0" encoding="UTF-8"?>
<testsuite name="project.service.UserServiceTest" tests="1" skipped="0" failures="0" errors="0" timestamp="2023-07-15T02:57:52" hostname="goorm" time="8.824">
  <properties/>
  <testcase name="findOneTest" classname="project.service.UserServiceTest" time="8.824"/>
  <system-out><![CDATA[]]></system-out>
  <system-err><![CDATA[]]></system-err>
</testsuite>
